Using pre-set license
Built from '2020.3/staging' branch; Version is '2020.3.17f1 (a4537701e4ab) revision 10769271'; Using compiler version '192528614'; Build Type 'Release'
OS: 'Windows 10 Home; OS build 19042.1165; Version 2009; 64bit' Language: 'en' Physical Memory: 16311 MB
BatchMode: 1, IsHumanControllingUs: 0, StartBugReporterOnCrash: 0, Is64bit: 1, IsPro: 0

COMMAND LINE ARGUMENTS:
E:\Unity Files\2020.3.17f1\Editor\Unity.exe
-adb2
-batchMode
-noUpm
-name
AssetImportWorker0
-projectPath
C:/Users/Aguil/OneDrive/Desktop/GameJam/Production_Game_Jam2/Production_Game_Jam_Project
-logFile
Logs/AssetImportWorker0.log
-srvPort
54063
Successfully changed project path to: C:/Users/Aguil/OneDrive/Desktop/GameJam/Production_Game_Jam2/Production_Game_Jam_Project
C:/Users/Aguil/OneDrive/Desktop/GameJam/Production_Game_Jam2/Production_Game_Jam_Project
Using Asset Import Pipeline V2.
Refreshing native plugins compatible for Editor in 35.93 ms, found 3 plugins.
Preloading 0 native plugins for Editor in 0.00 ms.
Initialize engine version: 2020.3.17f1 (a4537701e4ab)
[Subsystems] Discovering subsystems at path E:/Unity Files/2020.3.17f1/Editor/Data/Resources/UnitySubsystems
[Subsystems] Discovering subsystems at path C:/Users/Aguil/OneDrive/Desktop/GameJam/Production_Game_Jam2/Production_Game_Jam_Project/Assets
GfxDevice: creating device client; threaded=0
Direct3D:
    Version:  Direct3D 11.0 [level 11.1]
    Renderer: NVIDIA GeForce GTX 1080 (ID=0x1b80)
    Vendor:   
    VRAM:     8079 MB
    Driver:   27.21.14.5751
Initialize mono
Mono path[0] = 'E:/Unity Files/2020.3.17f1/Editor/Data/Managed'
Mono path[1] = 'E:/Unity Files/2020.3.17f1/Editor/Data/MonoBleedingEdge/lib/mono/unityjit'
Mono config path = 'E:/Unity Files/2020.3.17f1/Editor/Data/MonoBleedingEdge/etc'
Using monoOptions --debugger-agent=transport=dt_socket,embedding=1,server=y,suspend=n,address=127.0.0.1:56992
Begin MonoManager ReloadAssembly
Registering precompiled unity dll's ...
Register platform support module: E:/Unity Files/2020.3.17f1/Editor/Data/PlaybackEngines/WindowsStandaloneSupport/UnityEditor.WindowsStandalone.Extensions.dll
Registered in 0.001013 seconds.
Native extension for WindowsStandalone target not found
Refreshing native plugins compatible for Editor in 33.98 ms, found 3 plugins.
Preloading 0 native plugins for Editor in 0.00 ms.
Mono: successfully reloaded assembly
- Completed reload, in  0.959 seconds
Domain Reload Profiling:
	ReloadAssembly (960ms)
		BeginReloadAssembly (54ms)
			ExecutionOrderSort (0ms)
			DisableScriptedObjects (0ms)
			BackupInstance (0ms)
			ReleaseScriptingObjects (0ms)
			CreateAndSetChildDomain (1ms)
		EndReloadAssembly (336ms)
			LoadAssemblies (54ms)
			RebuildTransferFunctionScriptingTraits (0ms)
			SetupTypeCache (124ms)
			ReleaseScriptCaches (0ms)
			RebuildScriptCaches (24ms)
			SetupLoadedEditorAssemblies (134ms)
				LogAssemblyErrors (0ms)
				InitializePlatformSupportModulesInManaged (3ms)
				SetLoadedEditorAssemblies (0ms)
				RefreshPlugins (34ms)
				BeforeProcessingInitializeOnLoad (13ms)
				ProcessInitializeOnLoadAttributes (62ms)
				ProcessInitializeOnLoadMethodAttributes (22ms)
				AfterProcessingInitializeOnLoad (0ms)
				EditorAssembliesLoaded (0ms)
			ExecutionOrderSort2 (0ms)
			AwakeInstancesAfterBackupRestoration (0ms)
Platform modules already initialized, skipping
Registering precompiled user dll's ...
Registered in 0.003702 seconds.
Begin MonoManager ReloadAssembly
Native extension for WindowsStandalone target not found
Refreshing native plugins compatible for Editor in 33.57 ms, found 3 plugins.
Preloading 0 native plugins for Editor in 0.00 ms.
Mono: successfully reloaded assembly
- Completed reload, in  0.951 seconds
Domain Reload Profiling:
	ReloadAssembly (952ms)
		BeginReloadAssembly (126ms)
			ExecutionOrderSort (0ms)
			DisableScriptedObjects (4ms)
			BackupInstance (0ms)
			ReleaseScriptingObjects (0ms)
			CreateAndSetChildDomain (14ms)
		EndReloadAssembly (780ms)
			LoadAssemblies (84ms)
			RebuildTransferFunctionScriptingTraits (0ms)
			SetupTypeCache (232ms)
			ReleaseScriptCaches (0ms)
			RebuildScriptCaches (37ms)
			SetupLoadedEditorAssemblies (337ms)
				LogAssemblyErrors (0ms)
				InitializePlatformSupportModulesInManaged (3ms)
				SetLoadedEditorAssemblies (0ms)
				RefreshPlugins (34ms)
				BeforeProcessingInitializeOnLoad (62ms)
				ProcessInitializeOnLoadAttributes (226ms)
				ProcessInitializeOnLoadMethodAttributes (10ms)
				AfterProcessingInitializeOnLoad (2ms)
				EditorAssembliesLoaded (0ms)
			ExecutionOrderSort2 (0ms)
			AwakeInstancesAfterBackupRestoration (5ms)
Platform modules already initialized, skipping
========================================================================
Worker process is ready to serve import requests
Launched and connected shader compiler UnityShaderCompiler.exe after 0.03 seconds
Refreshing native plugins compatible for Editor in 0.36 ms, found 3 plugins.
Preloading 0 native plugins for Editor in 0.00 ms.
Unloading 2097 Unused Serialized files (Serialized files now loaded: 0)
System memory in use before: 93.9 MB.
System memory in use after: 94.0 MB.

Unloading 28 unused Assets to reduce memory usage. Loaded Objects now: 2534.
Total: 2.599100 ms (FindLiveObjects: 0.142400 ms CreateObjectMapping: 0.068500 ms MarkObjects: 2.333300 ms  DeleteObjects: 0.054200 ms)

AssetImportParameters requested are different than current active one (requested -> active):
  custom:framework-win-MediaFoundation: 216162199b28c13a410421893ffa2e32 -> 
  custom:video-decoder-ogg-theora: a1e56fd34408186e4bbccfd4996cb3dc -> 
  custom:container-muxer-webm: aa71ff27fc2769a1b78a27578f13a17b -> 
  custom:container-demuxer-webm: 4f35f7cbe854078d1ac9338744f61a02 -> 
  custom:container-demuxer-ogg: 62fdf1f143b41e24485cea50d1cbac27 -> 
  custom:video-encoder-webm-vp8: eb34c28f22e8b96e1ab97ce403110664 -> 
  custom:video-decoder-webm-vp8: 9c59270c3fd7afecdb556c50c9e8de78 -> 
  custom:audio-decoder-ogg-vorbis: bf7c407c2cedff20999df2af8eb42d56 -> 
  custom:audio-encoder-webm-vorbis: bf7c407c2cedff20999df2af8eb42d56 -> 
========================================================================
Received Import Request.
  path: Assets/Lab_TileSprites
  artifactKey: Guid(8f0a295882729484982d631d3217e488) Importer(815301076,1909f56bfc062723c751e8b465ee728b)
Start importing Assets/Lab_TileSprites using Guid(8f0a295882729484982d631d3217e488) Importer(815301076,1909f56bfc062723c751e8b465ee728b)  -> (artifact id: 'e16063f39d1a0a881241d9acc46b8043') in 0.006346 seconds 
  Import took 0.008744 seconds .

========================================================================
Received Import Request.
  Time since last request: 0.000218 seconds.
  path: Assets/Scenes
  artifactKey: Guid(ff47175f45e2bbf4ba4706870c0e8a2d) Importer(815301076,1909f56bfc062723c751e8b465ee728b)
Start importing Assets/Scenes using Guid(ff47175f45e2bbf4ba4706870c0e8a2d) Importer(815301076,1909f56bfc062723c751e8b465ee728b)  -> (artifact id: 'b17fd4ad9e3786e351162dc9c575d814') in 0.004034 seconds 
  Import took 0.006301 seconds .

========================================================================
Received Import Request.
  Time since last request: 0.430295 seconds.
  path: Assets/Scenes/Tilemap Test.unity
  artifactKey: Guid(884ec2266fcc4d348a6fd24d4e6a5813) Importer(815301076,1909f56bfc062723c751e8b465ee728b)
Start importing Assets/Scenes/Tilemap Test.unity using Guid(884ec2266fcc4d348a6fd24d4e6a5813) Importer(815301076,1909f56bfc062723c751e8b465ee728b)  -> (artifact id: '34e408a2fbb0bbd9ecf878efb241984f') in 0.010861 seconds 
  Import took 0.013301 seconds .

========================================================================
Received Import Request.
  Time since last request: 7.093257 seconds.
  path: Assets/Scenes/SampleScene.unity
  artifactKey: Guid(2cda990e2423bbf4892e6590ba056729) Importer(815301076,1909f56bfc062723c751e8b465ee728b)
Start importing Assets/Scenes/SampleScene.unity using Guid(2cda990e2423bbf4892e6590ba056729) Importer(815301076,1909f56bfc062723c751e8b465ee728b)  -> (artifact id: 'aa27944bdea339c97c39027c7eea529c') in 0.005397 seconds 
  Import took 0.008138 seconds .

========================================================================
Received Import Request.
  Time since last request: 4.483677 seconds.
  path: Assets/Scenes/Tilemap Test 1.unity
  artifactKey: Guid(38fbd765191b13c4da4d3e280004891a) Importer(815301076,1909f56bfc062723c751e8b465ee728b)
Start importing Assets/Scenes/Tilemap Test 1.unity using Guid(38fbd765191b13c4da4d3e280004891a) Importer(815301076,1909f56bfc062723c751e8b465ee728b)  -> (artifact id: '74285401d42c34218d63e77c98a13717') in 0.005272 seconds 
  Import took 0.007757 seconds .

========================================================================
Received Import Request.
  Time since last request: 13.484594 seconds.
  path: Assets/Scenes/Ricky's Scene.unity
  artifactKey: Guid(38fbd765191b13c4da4d3e280004891a) Importer(815301076,1909f56bfc062723c751e8b465ee728b)
Start importing Assets/Scenes/Ricky's Scene.unity using Guid(38fbd765191b13c4da4d3e280004891a) Importer(815301076,1909f56bfc062723c751e8b465ee728b)  -> (artifact id: 'ebbb51650dffa63509dfeee7c3ef7914') in 0.004867 seconds 
  Import took 0.007436 seconds .

========================================================================
Received Import Request.
  Time since last request: 29.707210 seconds.
  path: Assets/Scenes/Tilemap Test.unity
  artifactKey: Guid(884ec2266fcc4d348a6fd24d4e6a5813) Importer(815301076,1909f56bfc062723c751e8b465ee728b)
Start importing Assets/Scenes/Tilemap Test.unity using Guid(884ec2266fcc4d348a6fd24d4e6a5813) Importer(815301076,1909f56bfc062723c751e8b465ee728b)  -> (artifact id: 'e065b7b8d8e4599e56d30c73fa2ce2e3') in 0.001900 seconds 
  Import took 0.004565 seconds .

========================================================================
Received Import Request.
  Time since last request: 1.399030 seconds.
  path: Assets/Scenes/Tilemap Test 1.unity
  artifactKey: Guid(83b58b3134d8c6c4e8a5385ab6e4f8b7) Importer(815301076,1909f56bfc062723c751e8b465ee728b)
Start importing Assets/Scenes/Tilemap Test 1.unity using Guid(83b58b3134d8c6c4e8a5385ab6e4f8b7) Importer(815301076,1909f56bfc062723c751e8b465ee728b)  -> (artifact id: '78839322a4cc498ae29f79b0546c2da9') in 0.001860 seconds 
  Import took 0.004920 seconds .

========================================================================
Received Import Request.
  Time since last request: 9.214401 seconds.
  path: Assets/Scenes/Ricky's Scene.unity
  artifactKey: Guid(83b58b3134d8c6c4e8a5385ab6e4f8b7) Importer(815301076,1909f56bfc062723c751e8b465ee728b)
Start importing Assets/Scenes/Ricky's Scene.unity using Guid(83b58b3134d8c6c4e8a5385ab6e4f8b7) Importer(815301076,1909f56bfc062723c751e8b465ee728b)  -> (artifact id: '44afc03b5a045fa9c1bfee252d99f431') in 0.001706 seconds 
  Import took 0.004550 seconds .

