Using pre-set license
Built from '2020.3/staging' branch; Version is '2020.3.17f1 (a4537701e4ab) revision 10769271'; Using compiler version '192528614'; Build Type 'Release'
OS: 'Windows 10 Home; OS build 19042.1165; Version 2009; 64bit' Language: 'en' Physical Memory: 16311 MB
BatchMode: 1, IsHumanControllingUs: 0, StartBugReporterOnCrash: 0, Is64bit: 1, IsPro: 0

COMMAND LINE ARGUMENTS:
E:\Unity Files\2020.3.17f1\Editor\Unity.exe
-adb2
-batchMode
-noUpm
-name
AssetImportWorker1
-projectPath
C:/Users/Aguil/OneDrive/Desktop/GameJam/Production_Game_Jam2/Production_Game_Jam_Project
-logFile
Logs/AssetImportWorker1.log
-srvPort
51998
Successfully changed project path to: C:/Users/Aguil/OneDrive/Desktop/GameJam/Production_Game_Jam2/Production_Game_Jam_Project
C:/Users/Aguil/OneDrive/Desktop/GameJam/Production_Game_Jam2/Production_Game_Jam_Project
Using Asset Import Pipeline V2.
Refreshing native plugins compatible for Editor in 35.69 ms, found 3 plugins.
Preloading 0 native plugins for Editor in 0.00 ms.
Initialize engine version: 2020.3.17f1 (a4537701e4ab)
[Subsystems] Discovering subsystems at path E:/Unity Files/2020.3.17f1/Editor/Data/Resources/UnitySubsystems
[Subsystems] Discovering subsystems at path C:/Users/Aguil/OneDrive/Desktop/GameJam/Production_Game_Jam2/Production_Game_Jam_Project/Assets
GfxDevice: creating device client; threaded=0
Direct3D:
    Version:  Direct3D 11.0 [level 11.1]
    Renderer: NVIDIA GeForce GTX 1080 (ID=0x1b80)
    Vendor:   
    VRAM:     8079 MB
    Driver:   27.21.14.5751
Initialize mono
Mono path[0] = 'E:/Unity Files/2020.3.17f1/Editor/Data/Managed'
Mono path[1] = 'E:/Unity Files/2020.3.17f1/Editor/Data/MonoBleedingEdge/lib/mono/unityjit'
Mono config path = 'E:/Unity Files/2020.3.17f1/Editor/Data/MonoBleedingEdge/etc'
Using monoOptions --debugger-agent=transport=dt_socket,embedding=1,server=y,suspend=n,address=127.0.0.1:56112
Begin MonoManager ReloadAssembly
Registering precompiled unity dll's ...
Register platform support module: E:/Unity Files/2020.3.17f1/Editor/Data/PlaybackEngines/WindowsStandaloneSupport/UnityEditor.WindowsStandalone.Extensions.dll
Registered in 0.001005 seconds.
Native extension for WindowsStandalone target not found
Refreshing native plugins compatible for Editor in 33.82 ms, found 3 plugins.
Preloading 0 native plugins for Editor in 0.00 ms.
Mono: successfully reloaded assembly
- Completed reload, in  0.967 seconds
Domain Reload Profiling:
	ReloadAssembly (967ms)
		BeginReloadAssembly (54ms)
			ExecutionOrderSort (0ms)
			DisableScriptedObjects (0ms)
			BackupInstance (0ms)
			ReleaseScriptingObjects (0ms)
			CreateAndSetChildDomain (1ms)
		EndReloadAssembly (341ms)
			LoadAssemblies (54ms)
			RebuildTransferFunctionScriptingTraits (0ms)
			SetupTypeCache (124ms)
			ReleaseScriptCaches (0ms)
			RebuildScriptCaches (26ms)
			SetupLoadedEditorAssemblies (136ms)
				LogAssemblyErrors (0ms)
				InitializePlatformSupportModulesInManaged (3ms)
				SetLoadedEditorAssemblies (0ms)
				RefreshPlugins (34ms)
				BeforeProcessingInitializeOnLoad (13ms)
				ProcessInitializeOnLoadAttributes (63ms)
				ProcessInitializeOnLoadMethodAttributes (22ms)
				AfterProcessingInitializeOnLoad (0ms)
				EditorAssembliesLoaded (0ms)
			ExecutionOrderSort2 (0ms)
			AwakeInstancesAfterBackupRestoration (0ms)
Platform modules already initialized, skipping
Registering precompiled user dll's ...
Registered in 0.003859 seconds.
Begin MonoManager ReloadAssembly
Native extension for WindowsStandalone target not found
Refreshing native plugins compatible for Editor in 33.74 ms, found 3 plugins.
Preloading 0 native plugins for Editor in 0.00 ms.
Mono: successfully reloaded assembly
- Completed reload, in  0.988 seconds
Domain Reload Profiling:
	ReloadAssembly (988ms)
		BeginReloadAssembly (139ms)
			ExecutionOrderSort (0ms)
			DisableScriptedObjects (4ms)
			BackupInstance (0ms)
			ReleaseScriptingObjects (0ms)
			CreateAndSetChildDomain (15ms)
		EndReloadAssembly (801ms)
			LoadAssemblies (85ms)
			RebuildTransferFunctionScriptingTraits (0ms)
			SetupTypeCache (241ms)
			ReleaseScriptCaches (0ms)
			RebuildScriptCaches (38ms)
			SetupLoadedEditorAssemblies (345ms)
				LogAssemblyErrors (0ms)
				InitializePlatformSupportModulesInManaged (3ms)
				SetLoadedEditorAssemblies (0ms)
				RefreshPlugins (34ms)
				BeforeProcessingInitializeOnLoad (63ms)
				ProcessInitializeOnLoadAttributes (232ms)
				ProcessInitializeOnLoadMethodAttributes (11ms)
				AfterProcessingInitializeOnLoad (2ms)
				EditorAssembliesLoaded (0ms)
			ExecutionOrderSort2 (0ms)
			AwakeInstancesAfterBackupRestoration (5ms)
Platform modules already initialized, skipping
========================================================================
Worker process is ready to serve import requests
Launched and connected shader compiler UnityShaderCompiler.exe after 0.04 seconds
Refreshing native plugins compatible for Editor in 0.38 ms, found 3 plugins.
Preloading 0 native plugins for Editor in 0.00 ms.
Unloading 2096 Unused Serialized files (Serialized files now loaded: 0)
System memory in use before: 93.9 MB.
System memory in use after: 94.0 MB.

Unloading 28 unused Assets to reduce memory usage. Loaded Objects now: 2533.
Total: 2.756800 ms (FindLiveObjects: 0.174200 ms CreateObjectMapping: 0.056200 ms MarkObjects: 2.469500 ms  DeleteObjects: 0.055600 ms)

AssetImportParameters requested are different than current active one (requested -> active):
  custom:framework-win-MediaFoundation: 216162199b28c13a410421893ffa2e32 -> 
  custom:video-decoder-ogg-theora: a1e56fd34408186e4bbccfd4996cb3dc -> 
  custom:container-muxer-webm: aa71ff27fc2769a1b78a27578f13a17b -> 
  custom:container-demuxer-webm: 4f35f7cbe854078d1ac9338744f61a02 -> 
  custom:container-demuxer-ogg: 62fdf1f143b41e24485cea50d1cbac27 -> 
  custom:video-encoder-webm-vp8: eb34c28f22e8b96e1ab97ce403110664 -> 
  custom:video-decoder-webm-vp8: 9c59270c3fd7afecdb556c50c9e8de78 -> 
  custom:audio-decoder-ogg-vorbis: bf7c407c2cedff20999df2af8eb42d56 -> 
  custom:audio-encoder-webm-vorbis: bf7c407c2cedff20999df2af8eb42d56 -> 
========================================================================
Received Import Request.
  path: Assets/Prefabs/Objects/Button Off 1.prefab
  artifactKey: Guid(d0b9606baca72784fbaab269dfa19ff5) Importer(815301076,1909f56bfc062723c751e8b465ee728b)
Start importing Assets/Prefabs/Objects/Button Off 1.prefab using Guid(d0b9606baca72784fbaab269dfa19ff5) Importer(815301076,1909f56bfc062723c751e8b465ee728b)  -> (artifact id: 'ab301b007ad3e54692374642471f410b') in 0.085147 seconds 
  Import took 0.087831 seconds .

========================================================================
Received Prepare
Registering precompiled user dll's ...
Registered in 0.003610 seconds.
Begin MonoManager ReloadAssembly
Native extension for WindowsStandalone target not found
Refreshing native plugins compatible for Editor in 0.35 ms, found 3 plugins.
Preloading 0 native plugins for Editor in 0.00 ms.
Mono: successfully reloaded assembly
- Completed reload, in  0.870 seconds
Domain Reload Profiling:
	ReloadAssembly (871ms)
		BeginReloadAssembly (115ms)
			ExecutionOrderSort (0ms)
			DisableScriptedObjects (5ms)
			BackupInstance (0ms)
			ReleaseScriptingObjects (0ms)
			CreateAndSetChildDomain (29ms)
		EndReloadAssembly (709ms)
			LoadAssemblies (85ms)
			RebuildTransferFunctionScriptingTraits (0ms)
			SetupTypeCache (233ms)
			ReleaseScriptCaches (1ms)
			RebuildScriptCaches (33ms)
			SetupLoadedEditorAssemblies (291ms)
				LogAssemblyErrors (0ms)
				InitializePlatformSupportModulesInManaged (4ms)
				SetLoadedEditorAssemblies (0ms)
				RefreshPlugins (0ms)
				BeforeProcessingInitializeOnLoad (65ms)
				ProcessInitializeOnLoadAttributes (215ms)
				ProcessInitializeOnLoadMethodAttributes (5ms)
				AfterProcessingInitializeOnLoad (2ms)
				EditorAssembliesLoaded (0ms)
			ExecutionOrderSort2 (0ms)
			AwakeInstancesAfterBackupRestoration (8ms)
Platform modules already initialized, skipping
Refreshing native plugins compatible for Editor in 0.37 ms, found 3 plugins.
Preloading 0 native plugins for Editor in 0.00 ms.
Unloading 2086 Unused Serialized files (Serialized files now loaded: 0)
System memory in use before: 96.4 MB.
System memory in use after: 96.5 MB.

Unloading 16 unused Assets to reduce memory usage. Loaded Objects now: 2543.
Total: 2.767700 ms (FindLiveObjects: 0.151200 ms CreateObjectMapping: 0.051900 ms MarkObjects: 2.550100 ms  DeleteObjects: 0.013600 ms)

AssetImportParameters requested are different than current active one (requested -> active):
  custom:framework-win-MediaFoundation: 216162199b28c13a410421893ffa2e32 -> 
  custom:video-decoder-ogg-theora: a1e56fd34408186e4bbccfd4996cb3dc -> 
  custom:container-muxer-webm: aa71ff27fc2769a1b78a27578f13a17b -> 
  custom:container-demuxer-webm: 4f35f7cbe854078d1ac9338744f61a02 -> 
  custom:container-demuxer-ogg: 62fdf1f143b41e24485cea50d1cbac27 -> 
  custom:video-encoder-webm-vp8: eb34c28f22e8b96e1ab97ce403110664 -> 
  custom:video-decoder-webm-vp8: 9c59270c3fd7afecdb556c50c9e8de78 -> 
  custom:audio-decoder-ogg-vorbis: bf7c407c2cedff20999df2af8eb42d56 -> 
  custom:audio-encoder-webm-vorbis: bf7c407c2cedff20999df2af8eb42d56 -> 
========================================================================
Received Prepare
Registering precompiled user dll's ...
Registered in 0.004311 seconds.
Begin MonoManager ReloadAssembly
Native extension for WindowsStandalone target not found
Refreshing native plugins compatible for Editor in 0.39 ms, found 3 plugins.
Preloading 0 native plugins for Editor in 0.00 ms.
Mono: successfully reloaded assembly
- Completed reload, in  1.088 seconds
Domain Reload Profiling:
	ReloadAssembly (1088ms)
		BeginReloadAssembly (127ms)
			ExecutionOrderSort (0ms)
			DisableScriptedObjects (9ms)
			BackupInstance (0ms)
			ReleaseScriptingObjects (0ms)
			CreateAndSetChildDomain (33ms)
		EndReloadAssembly (902ms)
			LoadAssemblies (105ms)
			RebuildTransferFunctionScriptingTraits (0ms)
			SetupTypeCache (293ms)
			ReleaseScriptCaches (1ms)
			RebuildScriptCaches (45ms)
			SetupLoadedEditorAssemblies (371ms)
				LogAssemblyErrors (0ms)
				InitializePlatformSupportModulesInManaged (5ms)
				SetLoadedEditorAssemblies (0ms)
				RefreshPlugins (0ms)
				BeforeProcessingInitializeOnLoad (79ms)
				ProcessInitializeOnLoadAttributes (278ms)
				ProcessInitializeOnLoadMethodAttributes (6ms)
				AfterProcessingInitializeOnLoad (2ms)
				EditorAssembliesLoaded (0ms)
			ExecutionOrderSort2 (0ms)
			AwakeInstancesAfterBackupRestoration (10ms)
Platform modules already initialized, skipping
Refreshing native plugins compatible for Editor in 0.66 ms, found 3 plugins.
Preloading 0 native plugins for Editor in 0.00 ms.
Unloading 2086 Unused Serialized files (Serialized files now loaded: 0)
System memory in use before: 96.4 MB.
System memory in use after: 96.5 MB.

Unloading 16 unused Assets to reduce memory usage. Loaded Objects now: 2546.
Total: 2.635800 ms (FindLiveObjects: 0.154500 ms CreateObjectMapping: 0.067400 ms MarkObjects: 2.365100 ms  DeleteObjects: 0.047800 ms)

AssetImportParameters requested are different than current active one (requested -> active):
  custom:framework-win-MediaFoundation: 216162199b28c13a410421893ffa2e32 -> 
  custom:video-decoder-ogg-theora: a1e56fd34408186e4bbccfd4996cb3dc -> 
  custom:container-muxer-webm: aa71ff27fc2769a1b78a27578f13a17b -> 
  custom:container-demuxer-webm: 4f35f7cbe854078d1ac9338744f61a02 -> 
  custom:container-demuxer-ogg: 62fdf1f143b41e24485cea50d1cbac27 -> 
  custom:video-encoder-webm-vp8: eb34c28f22e8b96e1ab97ce403110664 -> 
  custom:video-decoder-webm-vp8: 9c59270c3fd7afecdb556c50c9e8de78 -> 
  custom:audio-decoder-ogg-vorbis: bf7c407c2cedff20999df2af8eb42d56 -> 
  custom:audio-encoder-webm-vorbis: bf7c407c2cedff20999df2af8eb42d56 -> 
========================================================================
Received Import Request.
  Time since last request: 2730.288015 seconds.
  path: Assets/Art/Objects
  artifactKey: Guid(3c2b4f497f1cadc4eac10af80b5d2b08) Importer(815301076,1909f56bfc062723c751e8b465ee728b)
Start importing Assets/Art/Objects using Guid(3c2b4f497f1cadc4eac10af80b5d2b08) Importer(815301076,1909f56bfc062723c751e8b465ee728b)  -> (artifact id: '81a6938fa33ea7e3a5c1ef15849b600f') in 0.006296 seconds 
  Import took 0.009494 seconds .

========================================================================
Received Import Request.
  Time since last request: 13.318673 seconds.
  path: Assets/Art/Objects/buttons_numbers.png
  artifactKey: Guid(82f0a7f6313be7346b39f441ad981bcd) Importer(815301076,1909f56bfc062723c751e8b465ee728b)
Start importing Assets/Art/Objects/buttons_numbers.png using Guid(82f0a7f6313be7346b39f441ad981bcd) Importer(815301076,1909f56bfc062723c751e8b465ee728b)  -> (artifact id: 'a83c3ded5e11a0b7d139cf85cf115558') in 0.078046 seconds 
  Import took 0.081286 seconds .

========================================================================
Received Import Request.
  Time since last request: 13.286509 seconds.
  path: Assets/Art/Objects/buttons_numbers.png
  artifactKey: Guid(82f0a7f6313be7346b39f441ad981bcd) Importer(815301076,1909f56bfc062723c751e8b465ee728b)
Start importing Assets/Art/Objects/buttons_numbers.png using Guid(82f0a7f6313be7346b39f441ad981bcd) Importer(815301076,1909f56bfc062723c751e8b465ee728b)  -> (artifact id: 'ae004776bb9746cbf45732679d2eab92') in 0.009144 seconds 
  Import took 0.012187 seconds .

========================================================================
Received Import Request.
  Time since last request: 8.469328 seconds.
  path: Assets/Art/Objects/buttons_numbers.png
  artifactKey: Guid(82f0a7f6313be7346b39f441ad981bcd) Importer(815301076,1909f56bfc062723c751e8b465ee728b)
Start importing Assets/Art/Objects/buttons_numbers.png using Guid(82f0a7f6313be7346b39f441ad981bcd) Importer(815301076,1909f56bfc062723c751e8b465ee728b)  -> (artifact id: 'a36c9cf933f75c5b497e2f9dab2b767a') in 0.009408 seconds 
  Import took 0.012883 seconds .

========================================================================
Received Import Request.
  Time since last request: 0.002242 seconds.
  path: Assets/Art/Objects/buttons_numbers.png
  artifactKey: Guid(82f0a7f6313be7346b39f441ad981bcd) Importer(815301076,1909f56bfc062723c751e8b465ee728b)
Start importing Assets/Art/Objects/buttons_numbers.png using Guid(82f0a7f6313be7346b39f441ad981bcd) Importer(815301076,1909f56bfc062723c751e8b465ee728b)  -> (artifact id: 'a36c9cf933f75c5b497e2f9dab2b767a') in 0.007470 seconds 
  Import took 0.010712 seconds .

========================================================================
Received Import Request.
  Time since last request: 21.003403 seconds.
  path: Assets/Art/Objects/buttons_numbers.png
  artifactKey: Guid(82f0a7f6313be7346b39f441ad981bcd) Importer(815301076,1909f56bfc062723c751e8b465ee728b)
Start importing Assets/Art/Objects/buttons_numbers.png using Guid(82f0a7f6313be7346b39f441ad981bcd) Importer(815301076,1909f56bfc062723c751e8b465ee728b)  -> (artifact id: '5920723a894bac45416614c54bd45007') in 0.030008 seconds 
  Import took 0.032835 seconds .

========================================================================
Received Import Request.
  Time since last request: 93.249618 seconds.
  path: Assets/Art/Objects/buttons_numbers.png
  artifactKey: Guid(82f0a7f6313be7346b39f441ad981bcd) Importer(815301076,1909f56bfc062723c751e8b465ee728b)
Start importing Assets/Art/Objects/buttons_numbers.png using Guid(82f0a7f6313be7346b39f441ad981bcd) Importer(815301076,1909f56bfc062723c751e8b465ee728b)  -> (artifact id: '42f2cacd12eb715597a6f47e42503865') in 0.027301 seconds 
  Import took 0.030249 seconds .

========================================================================
Received Import Request.
  Time since last request: 99.445917 seconds.
  path: Assets/Art/Objects/buttons_numbers.png
  artifactKey: Guid(82f0a7f6313be7346b39f441ad981bcd) Importer(815301076,1909f56bfc062723c751e8b465ee728b)
Start importing Assets/Art/Objects/buttons_numbers.png using Guid(82f0a7f6313be7346b39f441ad981bcd) Importer(815301076,1909f56bfc062723c751e8b465ee728b)  -> (artifact id: 'b6de6730e4b24bbc23017289c86e195f') in 0.028517 seconds 
  Import took 0.031363 seconds .

